<?xml version="1.0" encoding="UTF-8"?>
<!-- Generated by org.testng.reporters.JUnitXMLReporter -->
<testsuite ignored="0" hostname="LAPTOP-MR584CTC" failures="0" tests="4" name="Test1" time="52.369" errors="0" timestamp="2024-08-07T11:53:13 IST">
  <testcase classname="TestNG.NewTest_First" name="tearUp" time="41.663"/>
  <testcase classname="TestNG.NewTest_First" name="Logo" time="1.334"/>
  <testcase classname="TestNG.NewTest_First" name="Login" time="9.223"/>
  <testcase classname="TestNG.NewTest_First" name="teaeDown" time="0.122"/>
</testsuite> <!-- Test1 -->
