<?xml version="1.0" encoding="UTF-8"?>
<!-- Generated by org.testng.reporters.JUnitXMLReporter -->
<testsuite ignored="0" hostname="LAPTOP-MR584CTC" failures="0" tests="9" name="Test" time="0.076" errors="0" timestamp="2024-08-07T11:39:23 IST">
  <testcase classname="TestNG.Grouping" name="LoginByEmail" time="0.015"/>
  <testcase classname="TestNG.Grouping" name="LoginByFacebook" time="0.001"/>
  <testcase classname="TestNG.Grouping" name="LoginByTwitter" time="0.001"/>
  <testcase classname="TestNG.Grouping" name="SignUpEmail" time="0.001"/>
  <testcase classname="TestNG.Grouping" name="SignUpFacebook" time="0.001"/>
  <testcase classname="TestNG.Grouping" name="SignUpTwitter" time="0.002"/>
  <testcase classname="TestNG.Grouping" name="PaymentInRupees" time="0.001"/>
  <testcase classname="TestNG.Grouping" name="PaymentInDollars" time="0.002"/>
  <testcase classname="TestNG.Grouping" name="PaymentReturnByBank" time="0.002"/>
</testsuite> <!-- Test -->
